<?xml version="1.0" encoding="utf-8"?><testsuites name="pytest tests"><testsuite name="pytest" errors="0" failures="0" skipped="0" tests="9" time="1.715" timestamp="2026-01-16T19:46:24.997809-03:00" hostname="pop-os"><testcase classname="tests.kedro_settings.test_hooks" name="test_on_pipeline_error_logs_details" time="0.015" /><testcase classname="tests.kedro_settings.test_hooks" name="test_node_execution_logging_normal" time="0.015" /><testcase classname="tests.kedro_settings.test_hooks" name="test_before_pipeline_run_loads_parameters" time="0.013" /><testcase classname="tests.kedro_settings.test_settings" name="test_hooks_registration" time="0.002" /><testcase classname="tests.kedro_settings.test_hooks" name="test_node_execution_logging_high_memory" time="0.009" /><testcase classname="tests.kedro_settings.test_hooks" name="test_before_pipeline_run_handles_missing_params" time="0.008" /><testcase classname="tests.kedro_settings.test_settings" name="test_config_loader_args_structure" time="0.002" /><testcase classname="tests.integration.test_postgres_integration" name="test_database_connection_is_alive" time="0.084" /><testcase classname="tests.kedro_settings.test_hooks" name="test_hook_initialization_defaults" time="0.003" /></testsuite></testsuites>