<?xml version="1.0" encoding="utf-8"?><testsuites name="pytest tests"><testsuite name="pytest" errors="0" failures="0" skipped="0" tests="35" time="7.064" timestamp="2026-01-20T01:15:30.740981-03:00" hostname="pop-os"><testcase classname="tests.kedro_settings.test_hooks" name="test_node_execution_logging_normal" time="0.011" /><testcase classname="tests.kedro_settings.test_hooks" name="test_before_pipeline_run_loads_parameters" time="0.012" /><testcase classname="tests.kedro_settings.test_hooks" name="test_on_pipeline_error_logs_details" time="0.017" /><testcase classname="tests.integration.test_postgres_integration" name="test_database_connection_is_alive" time="0.027" /><testcase classname="tests.kedro_settings.test_hooks" name="test_node_execution_logging_high_memory" time="0.008" /><testcase classname="tests.kedro_settings.test_settings" name="test_hooks_registration" time="0.001" /><testcase classname="tests.kedro_settings.test_hooks" name="test_hook_initialization_defaults" time="0.002" /><testcase classname="tests.kedro_settings.test_hooks" name="test_before_pipeline_run_handles_missing_params" time="0.009" /><testcase classname="tests.kedro_settings.test_settings" name="test_config_loader_args_structure" time="0.002" /><testcase classname="tests.pipelines.data_ingestion.test_nodes" name="test_extract_missing_key_file" time="0.010" /><testcase classname="tests.pipelines.data_ingestion.test_nodes" name="test_incremental_column_identifier_safety" time="0.019" /><testcase classname="tests.pipelines.data_ingestion.test_nodes" name="test_validation_rejects_bad_table_name_snapshot" time="0.013" /><testcase classname="tests.pipelines.data_ingestion.test_nodes" name="test_validation_rejects_bad_table_name_incremental" time="0.014" /><testcase classname="tests.pipelines.data_ingestion.test_nodes" name="test_snapshot_fails_fast_if_too_big" time="0.016" /><testcase classname="tests.pipelines.data_ingestion.test_nodes" name="test_incremental_query_parameterization_security" time="0.013" /><testcase classname="tests.pipelines.data_ingestion.test_nodes" name="test_conversion_series_to_dataframe" time="0.024" /><testcase classname="tests.pipelines.data_ingestion.test_pipeline" name="test_pipeline_structure_generation" time="0.006" /><testcase classname="tests.pipelines.data_ingestion.test_pipeline" name="test_incremental_node_attributes" time="0.006" /><testcase classname="tests.pipelines.data_ingestion.test_nodes" name="test_snapshot_if_size_ok" time="0.020" /><testcase classname="tests.pipelines.data_processing.test_nodes" name="test_process_table_types" time="0.007" /><testcase classname="tests.pipelines.data_processing.test_nodes" name="test_decimal_parsing" time="0.007" /><testcase classname="tests.pipelines.data_ingestion.test_pipeline" name="test_pipeline_empty_config" time="0.005" /><testcase classname="tests.pipelines.data_ingestion.test_pipeline" name="test_pipeline_missing_keys_raises_error" time="0.002" /><testcase classname="tests.pipelines.data_processing.test_nodes" name="test_invalid_type_raises_error" time="0.003" /><testcase classname="tests.pipelines.data_processing.test_nodes" name="test_col_name_not_in_schema_names" time="0.003" /><testcase classname="tests.pipelines.data_processing.test_nodes" name="test_deduplication_logic_without_id_column" time="0.015" /><testcase classname="tests.pipelines.data_processing.test_nodes" name="test_if_drop_duplicate_id" time="0.014" /><testcase classname="tests.pipelines.data_processing.test_pipeline" name="test_pipeline_structure" time="0.003" /><testcase classname="tests.pipelines.data_processing.test_pipeline" name="test_node_naming_convention" time="0.006" /><testcase classname="tests.utils.test_partial_func" name="test_create_node_func_execution" time="0.002" /><testcase classname="tests.utils.test_partial_func" name="test_create_node_fun_overrides" time="0.002" /><testcase classname="tests.utils.test_get_params" name="test_get_params_initializes_loader_correctly" time="0.178" /><testcase classname="tests.utils.test_partial_func" name="test_create_node_func_preserves_metadata" time="0.002" /><testcase classname="tests.utils.test_get_params" name="test_get_params_returns_empty_dict_if_missing" time="0.182" /><testcase classname="tests.utils.test_get_params" name="test_get_params_returns_correct_section" time="0.194" /></testsuite></testsuites>